<?xml version="1.0" encoding="UTF-8"?>
<!-- Generated by org.testng.reporters.JUnitXMLReporter -->
<testsuite ignored="0" hostname="DESKTOP-KLR9FV2" failures="0" tests="12" name="Default test" time="69.634" errors="0" timestamp="2023-02-02T12:12:36 SGT">
  <testcase classname="com.dvops.selenium_maven.eclipse.NewTest" name="addEditDeleteReview" time="7.426"/>
  <testcase classname="com.dvops.selenium_maven.eclipse.NewTest" name="checkId" time="4.86"/>
  <testcase classname="com.dvops.selenium_maven.eclipse.NewTest" name="checkTitle" time="0.516"/>
  <testcase classname="com.dvops.selenium_maven.eclipse.NewTest" name="getGames" time="8.99"/>
  <testcase classname="com.dvops.selenium_maven.eclipse.NewTest" name="getOneGame" time="3.282"/>
  <testcase classname="com.dvops.selenium_maven.eclipse.NewTest" name="getProfile" time="8.319"/>
  <testcase classname="com.dvops.selenium_maven.eclipse.NewTest" name="getReviews1" time="4.868"/>
  <testcase classname="com.dvops.selenium_maven.eclipse.NewTest" name="getReviews2" time="3.841"/>
  <testcase classname="com.dvops.selenium_maven.eclipse.NewTest" name="login" time="4.776"/>
  <testcase classname="com.dvops.selenium_maven.eclipse.NewTest" name="loginFail" time="8.765"/>
  <testcase classname="com.dvops.selenium_maven.eclipse.NewTest" name="logout" time="9.424"/>
  <testcase classname="com.dvops.selenium_maven.eclipse.NewTest" name="register" time="2.611"/>
</testsuite> <!-- Default test -->
