<?xml version="1.0" encoding="UTF-8"?>
<!-- Generated by org.testng.reporters.JUnitXMLReporter -->
<testsuite ignored="0" hostname="DESKTOP-KLR9FV2" failures="0" tests="12" name="Default test" time="53.511" errors="0" timestamp="2023-02-02T02:51:39 SGT">
  <testcase classname="com.dvops.selenium_maven.eclipse.NewTest" name="addEditDeleteReview" time="7.075"/>
  <testcase classname="com.dvops.selenium_maven.eclipse.NewTest" name="checkId" time="6.313"/>
  <testcase classname="com.dvops.selenium_maven.eclipse.NewTest" name="checkTitle" time="0.382"/>
  <testcase classname="com.dvops.selenium_maven.eclipse.NewTest" name="getGames" time="7.17"/>
  <testcase classname="com.dvops.selenium_maven.eclipse.NewTest" name="getOneGame" time="3.282"/>
  <testcase classname="com.dvops.selenium_maven.eclipse.NewTest" name="getProfile" time="5.456"/>
  <testcase classname="com.dvops.selenium_maven.eclipse.NewTest" name="getReviews1" time="2.894"/>
  <testcase classname="com.dvops.selenium_maven.eclipse.NewTest" name="getReviews2" time="2.615"/>
  <testcase classname="com.dvops.selenium_maven.eclipse.NewTest" name="login" time="4.198"/>
  <testcase classname="com.dvops.selenium_maven.eclipse.NewTest" name="loginFail" time="2.253"/>
  <testcase classname="com.dvops.selenium_maven.eclipse.NewTest" name="logout" time="7.166"/>
  <testcase classname="com.dvops.selenium_maven.eclipse.NewTest" name="register" time="3.087"/>
</testsuite> <!-- Default test -->
