<?xml version="1.0" encoding="UTF-8"?>
<testng-results ignored="0" total="2" passed="2" failed="0" skipped="0">
  <reporter-output>
  </reporter-output>
  <suite started-at="2022-12-21T11:45:37 SGT" name="Default suite" finished-at="2022-12-21T11:45:44 SGT" duration-ms="6949">
    <groups>
    </groups>
    <test started-at="2022-12-21T11:45:37 SGT" name="Default test" finished-at="2022-12-21T11:45:44 SGT" duration-ms="6949">
      <class name="com.dvops.selenium_maven.eclipse.NewTest">
        <test-method is-config="true" signature="beforeTest()[pri:0, instance:com.dvops.selenium_maven.eclipse.NewTest@7fee8714]" started-at="2022-12-21T11:45:37 SGT" name="beforeTest" finished-at="2022-12-21T11:45:39 SGT" duration-ms="1737" status="PASS">
          <reporter-output>
          </reporter-output>
        </test-method> <!-- beforeTest -->
        <test-method signature="checkId()[pri:0, instance:com.dvops.selenium_maven.eclipse.NewTest@7fee8714]" started-at="2022-12-21T11:45:39 SGT" name="checkId" finished-at="2022-12-21T11:45:43 SGT" duration-ms="4083" status="PASS">
          <reporter-output>
          </reporter-output>
        </test-method> <!-- checkId -->
        <test-method signature="checkTitle()[pri:0, instance:com.dvops.selenium_maven.eclipse.NewTest@7fee8714]" started-at="2022-12-21T11:45:43 SGT" name="checkTitle" finished-at="2022-12-21T11:45:44 SGT" duration-ms="834" status="PASS">
          <reporter-output>
          </reporter-output>
        </test-method> <!-- checkTitle -->
        <test-method is-config="true" signature="afterTest()[pri:0, instance:com.dvops.selenium_maven.eclipse.NewTest@7fee8714]" started-at="2022-12-21T11:45:44 SGT" name="afterTest" finished-at="2022-12-21T11:45:44 SGT" duration-ms="221" status="PASS">
          <reporter-output>
          </reporter-output>
        </test-method> <!-- afterTest -->
      </class> <!-- com.dvops.selenium_maven.eclipse.NewTest -->
    </test> <!-- Default test -->
  </suite> <!-- Default suite -->
</testng-results>
